{"/Users/andrekolber/Documents/Code_Files/Springboard_SWE/express-biztime/app.js": {"path":"/Users/andrekolber/Documents/Code_Files/Springboard_SWE/express-biztime/app.js","statementMap":{"0":{"start":{"line":3,"column":16},"end":{"line":3,"column":34}},"1":{"start":{"line":5,"column":12},"end":{"line":5,"column":21}},"2":{"start":{"line":6,"column":21},"end":{"line":6,"column":46}},"3":{"start":{"line":8,"column":0},"end":{"line":8,"column":24}},"4":{"start":{"line":10,"column":19},"end":{"line":10,"column":48}},"5":{"start":{"line":11,"column":18},"end":{"line":11,"column":46}},"6":{"start":{"line":12,"column":0},"end":{"line":12,"column":34}},"7":{"start":{"line":13,"column":0},"end":{"line":13,"column":32}},"8":{"start":{"line":16,"column":0},"end":{"line":19,"column":3}},"9":{"start":{"line":17,"column":13},"end":{"line":17,"column":47}},"10":{"start":{"line":18,"column":1},"end":{"line":18,"column":18}},"11":{"start":{"line":23,"column":0},"end":{"line":30,"column":3}},"12":{"start":{"line":24,"column":1},"end":{"line":24,"column":31}},"13":{"start":{"line":26,"column":1},"end":{"line":29,"column":4}},"14":{"start":{"line":32,"column":0},"end":{"line":32,"column":21}}},"fnMap":{"0":{"name":"(anonymous_0)","decl":{"start":{"line":16,"column":8},"end":{"line":16,"column":9}},"loc":{"start":{"line":16,"column":33},"end":{"line":19,"column":1}},"line":16},"1":{"name":"(anonymous_1)","decl":{"start":{"line":23,"column":8},"end":{"line":23,"column":9}},"loc":{"start":{"line":23,"column":33},"end":{"line":30,"column":1}},"line":23}},"branchMap":{"0":{"loc":{"start":{"line":24,"column":12},"end":{"line":24,"column":29}},"type":"binary-expr","locations":[{"start":{"line":24,"column":12},"end":{"line":24,"column":22}},{"start":{"line":24,"column":26},"end":{"line":24,"column":29}}],"line":24}},"s":{"0":2,"1":2,"2":2,"3":2,"4":2,"5":2,"6":2,"7":2,"8":2,"9":0,"10":0,"11":2,"12":6,"13":6,"14":2},"f":{"0":0,"1":6},"b":{"0":[6,0]},"_coverageSchema":"1a1c01bbd47fc00a2c39e90264f33305004495a9","hash":"c855fd153561790e2eee180e4e436bdc78d07c7f"}
,"/Users/andrekolber/Documents/Code_Files/Springboard_SWE/express-biztime/db.js": {"path":"/Users/andrekolber/Documents/Code_Files/Springboard_SWE/express-biztime/db.js","statementMap":{"0":{"start":{"line":2,"column":19},"end":{"line":2,"column":32}},"1":{"start":{"line":6,"column":0},"end":{"line":11,"column":1}},"2":{"start":{"line":7,"column":1},"end":{"line":7,"column":39}},"3":{"start":{"line":10,"column":1},"end":{"line":10,"column":34}},"4":{"start":{"line":13,"column":9},"end":{"line":15,"column":2}},"5":{"start":{"line":17,"column":0},"end":{"line":17,"column":13}},"6":{"start":{"line":19,"column":0},"end":{"line":19,"column":20}}},"fnMap":{},"branchMap":{"0":{"loc":{"start":{"line":6,"column":0},"end":{"line":11,"column":1}},"type":"if","locations":[{"start":{"line":6,"column":0},"end":{"line":11,"column":1}},{"start":{"line":9,"column":5},"end":{"line":11,"column":1}}],"line":6}},"s":{"0":2,"1":2,"2":2,"3":0,"4":2,"5":2,"6":2},"f":{},"b":{"0":[2,0]},"_coverageSchema":"1a1c01bbd47fc00a2c39e90264f33305004495a9","hash":"a1a5977b6d0b8d9e2f18cd3332cabae54df17a2e"}
,"/Users/andrekolber/Documents/Code_Files/Springboard_SWE/express-biztime/expressError.js": {"path":"/Users/andrekolber/Documents/Code_Files/Springboard_SWE/express-biztime/expressError.js","statementMap":{"0":{"start":{"line":9,"column":4},"end":{"line":9,"column":12}},"1":{"start":{"line":10,"column":4},"end":{"line":10,"column":27}},"2":{"start":{"line":11,"column":4},"end":{"line":11,"column":25}},"3":{"start":{"line":12,"column":4},"end":{"line":12,"column":30}},"4":{"start":{"line":17,"column":0},"end":{"line":17,"column":30}}},"fnMap":{"0":{"name":"(anonymous_0)","decl":{"start":{"line":8,"column":2},"end":{"line":8,"column":3}},"loc":{"start":{"line":8,"column":31},"end":{"line":13,"column":3}},"line":8}},"branchMap":{},"s":{"0":6,"1":6,"2":6,"3":6,"4":2},"f":{"0":6},"b":{},"_coverageSchema":"1a1c01bbd47fc00a2c39e90264f33305004495a9","hash":"e3d4a221c6ab37b31ea1b6ebe8ef07e5a55687d3"}
,"/Users/andrekolber/Documents/Code_Files/Springboard_SWE/express-biztime/routes/companies.js": {"path":"/Users/andrekolber/Documents/Code_Files/Springboard_SWE/express-biztime/routes/companies.js","statementMap":{"0":{"start":{"line":1,"column":16},"end":{"line":1,"column":34}},"1":{"start":{"line":2,"column":15},"end":{"line":2,"column":31}},"2":{"start":{"line":3,"column":11},"end":{"line":3,"column":27}},"3":{"start":{"line":4,"column":21},"end":{"line":4,"column":47}},"4":{"start":{"line":6,"column":0},"end":{"line":13,"column":3}},"5":{"start":{"line":7,"column":1},"end":{"line":12,"column":2}},"6":{"start":{"line":8,"column":18},"end":{"line":8,"column":59}},"7":{"start":{"line":9,"column":2},"end":{"line":9,"column":47}},"8":{"start":{"line":11,"column":2},"end":{"line":11,"column":19}},"9":{"start":{"line":15,"column":0},"end":{"line":27,"column":3}},"10":{"start":{"line":16,"column":1},"end":{"line":26,"column":2}},"11":{"start":{"line":17,"column":19},"end":{"line":17,"column":29}},"12":{"start":{"line":18,"column":18},"end":{"line":18,"column":85}},"13":{"start":{"line":19,"column":19},"end":{"line":19,"column":90}},"14":{"start":{"line":20,"column":2},"end":{"line":22,"column":3}},"15":{"start":{"line":21,"column":3},"end":{"line":21,"column":76}},"16":{"start":{"line":23,"column":2},"end":{"line":23,"column":73}},"17":{"start":{"line":25,"column":2},"end":{"line":25,"column":19}},"18":{"start":{"line":29,"column":0},"end":{"line":41,"column":3}},"19":{"start":{"line":30,"column":1},"end":{"line":40,"column":2}},"20":{"start":{"line":31,"column":38},"end":{"line":31,"column":46}},"21":{"start":{"line":32,"column":18},"end":{"line":36,"column":3}},"22":{"start":{"line":37,"column":2},"end":{"line":37,"column":60}},"23":{"start":{"line":39,"column":2},"end":{"line":39,"column":19}},"24":{"start":{"line":43,"column":0},"end":{"line":59,"column":3}},"25":{"start":{"line":44,"column":1},"end":{"line":58,"column":2}},"26":{"start":{"line":45,"column":19},"end":{"line":45,"column":29}},"27":{"start":{"line":46,"column":32},"end":{"line":46,"column":40}},"28":{"start":{"line":47,"column":18},"end":{"line":51,"column":3}},"29":{"start":{"line":52,"column":2},"end":{"line":54,"column":3}},"30":{"start":{"line":53,"column":3},"end":{"line":53,"column":76}},"31":{"start":{"line":55,"column":2},"end":{"line":55,"column":60}},"32":{"start":{"line":57,"column":2},"end":{"line":57,"column":19}},"33":{"start":{"line":61,"column":0},"end":{"line":72,"column":3}},"34":{"start":{"line":62,"column":1},"end":{"line":71,"column":2}},"35":{"start":{"line":63,"column":19},"end":{"line":63,"column":29}},"36":{"start":{"line":64,"column":18},"end":{"line":64,"column":98}},"37":{"start":{"line":65,"column":2},"end":{"line":67,"column":3}},"38":{"start":{"line":66,"column":3},"end":{"line":66,"column":76}},"39":{"start":{"line":68,"column":2},"end":{"line":68,"column":41}},"40":{"start":{"line":70,"column":2},"end":{"line":70,"column":19}},"41":{"start":{"line":74,"column":0},"end":{"line":74,"column":24}}},"fnMap":{"0":{"name":"(anonymous_0)","decl":{"start":{"line":6,"column":16},"end":{"line":6,"column":17}},"loc":{"start":{"line":6,"column":42},"end":{"line":13,"column":1}},"line":6},"1":{"name":"(anonymous_1)","decl":{"start":{"line":15,"column":21},"end":{"line":15,"column":22}},"loc":{"start":{"line":15,"column":47},"end":{"line":27,"column":1}},"line":15},"2":{"name":"(anonymous_2)","decl":{"start":{"line":29,"column":17},"end":{"line":29,"column":18}},"loc":{"start":{"line":29,"column":43},"end":{"line":41,"column":1}},"line":29},"3":{"name":"(anonymous_3)","decl":{"start":{"line":43,"column":21},"end":{"line":43,"column":22}},"loc":{"start":{"line":43,"column":47},"end":{"line":59,"column":1}},"line":43},"4":{"name":"(anonymous_4)","decl":{"start":{"line":61,"column":24},"end":{"line":61,"column":25}},"loc":{"start":{"line":61,"column":50},"end":{"line":72,"column":1}},"line":61}},"branchMap":{"0":{"loc":{"start":{"line":20,"column":2},"end":{"line":22,"column":3}},"type":"if","locations":[{"start":{"line":20,"column":2},"end":{"line":22,"column":3}},{"start":{},"end":{}}],"line":20},"1":{"loc":{"start":{"line":52,"column":2},"end":{"line":54,"column":3}},"type":"if","locations":[{"start":{"line":52,"column":2},"end":{"line":54,"column":3}},{"start":{},"end":{}}],"line":52},"2":{"loc":{"start":{"line":65,"column":2},"end":{"line":67,"column":3}},"type":"if","locations":[{"start":{"line":65,"column":2},"end":{"line":67,"column":3}},{"start":{},"end":{}}],"line":65}},"s":{"0":2,"1":2,"2":2,"3":2,"4":2,"5":1,"6":1,"7":1,"8":0,"9":2,"10":2,"11":2,"12":2,"13":2,"14":2,"15":1,"16":1,"17":1,"18":2,"19":1,"20":1,"21":1,"22":1,"23":0,"24":2,"25":2,"26":2,"27":2,"28":2,"29":2,"30":1,"31":1,"32":1,"33":2,"34":2,"35":2,"36":2,"37":2,"38":1,"39":1,"40":1,"41":2},"f":{"0":1,"1":2,"2":1,"3":2,"4":2},"b":{"0":[1,1],"1":[1,1],"2":[1,1]},"_coverageSchema":"1a1c01bbd47fc00a2c39e90264f33305004495a9","hash":"c1331f65ca8becf5210946566b1563092f23c885"}
,"/Users/andrekolber/Documents/Code_Files/Springboard_SWE/express-biztime/routes/invoices.js": {"path":"/Users/andrekolber/Documents/Code_Files/Springboard_SWE/express-biztime/routes/invoices.js","statementMap":{"0":{"start":{"line":1,"column":16},"end":{"line":1,"column":34}},"1":{"start":{"line":2,"column":15},"end":{"line":2,"column":31}},"2":{"start":{"line":3,"column":11},"end":{"line":3,"column":27}},"3":{"start":{"line":4,"column":21},"end":{"line":4,"column":47}},"4":{"start":{"line":6,"column":0},"end":{"line":13,"column":3}},"5":{"start":{"line":7,"column":1},"end":{"line":12,"column":2}},"6":{"start":{"line":8,"column":18},"end":{"line":8,"column":58}},"7":{"start":{"line":9,"column":2},"end":{"line":9,"column":46}},"8":{"start":{"line":11,"column":2},"end":{"line":11,"column":19}},"9":{"start":{"line":15,"column":0},"end":{"line":26,"column":3}},"10":{"start":{"line":16,"column":1},"end":{"line":25,"column":2}},"11":{"start":{"line":17,"column":17},"end":{"line":17,"column":27}},"12":{"start":{"line":18,"column":18},"end":{"line":18,"column":80}},"13":{"start":{"line":19,"column":2},"end":{"line":21,"column":3}},"14":{"start":{"line":20,"column":3},"end":{"line":20,"column":72}},"15":{"start":{"line":22,"column":2},"end":{"line":22,"column":48}},"16":{"start":{"line":24,"column":2},"end":{"line":24,"column":19}},"17":{"start":{"line":28,"column":0},"end":{"line":40,"column":3}},"18":{"start":{"line":29,"column":1},"end":{"line":39,"column":2}},"19":{"start":{"line":30,"column":29},"end":{"line":30,"column":37}},"20":{"start":{"line":31,"column":18},"end":{"line":35,"column":3}},"21":{"start":{"line":36,"column":2},"end":{"line":36,"column":60}},"22":{"start":{"line":38,"column":2},"end":{"line":38,"column":19}},"23":{"start":{"line":42,"column":0},"end":{"line":54,"column":3}},"24":{"start":{"line":43,"column":1},"end":{"line":53,"column":2}},"25":{"start":{"line":44,"column":17},"end":{"line":44,"column":27}},"26":{"start":{"line":45,"column":18},"end":{"line":45,"column":26}},"27":{"start":{"line":46,"column":18},"end":{"line":46,"column":103}},"28":{"start":{"line":47,"column":2},"end":{"line":49,"column":3}},"29":{"start":{"line":48,"column":3},"end":{"line":48,"column":72}},"30":{"start":{"line":50,"column":2},"end":{"line":50,"column":60}},"31":{"start":{"line":52,"column":2},"end":{"line":52,"column":19}},"32":{"start":{"line":56,"column":0},"end":{"line":67,"column":3}},"33":{"start":{"line":57,"column":1},"end":{"line":66,"column":2}},"34":{"start":{"line":58,"column":17},"end":{"line":58,"column":27}},"35":{"start":{"line":59,"column":18},"end":{"line":59,"column":90}},"36":{"start":{"line":60,"column":2},"end":{"line":62,"column":3}},"37":{"start":{"line":61,"column":3},"end":{"line":61,"column":72}},"38":{"start":{"line":63,"column":2},"end":{"line":63,"column":41}},"39":{"start":{"line":65,"column":2},"end":{"line":65,"column":19}},"40":{"start":{"line":69,"column":0},"end":{"line":69,"column":24}}},"fnMap":{"0":{"name":"(anonymous_0)","decl":{"start":{"line":6,"column":16},"end":{"line":6,"column":17}},"loc":{"start":{"line":6,"column":42},"end":{"line":13,"column":1}},"line":6},"1":{"name":"(anonymous_1)","decl":{"start":{"line":15,"column":19},"end":{"line":15,"column":20}},"loc":{"start":{"line":15,"column":45},"end":{"line":26,"column":1}},"line":15},"2":{"name":"(anonymous_2)","decl":{"start":{"line":28,"column":17},"end":{"line":28,"column":18}},"loc":{"start":{"line":28,"column":43},"end":{"line":40,"column":1}},"line":28},"3":{"name":"(anonymous_3)","decl":{"start":{"line":42,"column":19},"end":{"line":42,"column":20}},"loc":{"start":{"line":42,"column":45},"end":{"line":54,"column":1}},"line":42},"4":{"name":"(anonymous_4)","decl":{"start":{"line":56,"column":22},"end":{"line":56,"column":23}},"loc":{"start":{"line":56,"column":48},"end":{"line":67,"column":1}},"line":56}},"branchMap":{"0":{"loc":{"start":{"line":19,"column":2},"end":{"line":21,"column":3}},"type":"if","locations":[{"start":{"line":19,"column":2},"end":{"line":21,"column":3}},{"start":{},"end":{}}],"line":19},"1":{"loc":{"start":{"line":47,"column":2},"end":{"line":49,"column":3}},"type":"if","locations":[{"start":{"line":47,"column":2},"end":{"line":49,"column":3}},{"start":{},"end":{}}],"line":47},"2":{"loc":{"start":{"line":60,"column":2},"end":{"line":62,"column":3}},"type":"if","locations":[{"start":{"line":60,"column":2},"end":{"line":62,"column":3}},{"start":{},"end":{}}],"line":60}},"s":{"0":2,"1":2,"2":2,"3":2,"4":2,"5":1,"6":1,"7":1,"8":0,"9":2,"10":2,"11":2,"12":2,"13":2,"14":1,"15":1,"16":1,"17":2,"18":1,"19":1,"20":1,"21":1,"22":0,"23":2,"24":2,"25":2,"26":2,"27":2,"28":2,"29":1,"30":1,"31":1,"32":2,"33":2,"34":2,"35":2,"36":2,"37":1,"38":1,"39":1,"40":2},"f":{"0":1,"1":2,"2":1,"3":2,"4":2},"b":{"0":[1,1],"1":[1,1],"2":[1,1]},"_coverageSchema":"1a1c01bbd47fc00a2c39e90264f33305004495a9","hash":"fa05a0366b394b49efa7770a548b11e1b6a71ef6"}
}
