TN:
SF:app.js
FN:16,(anonymous_0)
FN:23,(anonymous_1)
FNF:2
FNH:1
FNDA:0,(anonymous_0)
FNDA:6,(anonymous_1)
DA:3,2
DA:5,2
DA:6,2
DA:8,2
DA:10,2
DA:11,2
DA:12,2
DA:13,2
DA:16,2
DA:17,0
DA:18,0
DA:23,2
DA:24,6
DA:26,6
DA:32,2
LF:15
LH:13
BRDA:24,0,0,6
BRDA:24,0,1,0
BRF:2
BRH:1
end_of_record
TN:
SF:db.js
FNF:0
FNH:0
DA:2,2
DA:6,2
DA:7,2
DA:10,0
DA:13,2
DA:17,2
DA:19,2
LF:7
LH:6
BRDA:6,0,0,2
BRDA:6,0,1,0
BRF:2
BRH:1
end_of_record
TN:
SF:expressError.js
FN:8,(anonymous_0)
FNF:1
FNH:1
FNDA:6,(anonymous_0)
DA:9,6
DA:10,6
DA:11,6
DA:12,6
DA:17,2
LF:5
LH:5
BRF:0
BRH:0
end_of_record
TN:
SF:routes/companies.js
FN:6,(anonymous_0)
FN:15,(anonymous_1)
FN:29,(anonymous_2)
FN:43,(anonymous_3)
FN:61,(anonymous_4)
FNF:5
FNH:5
FNDA:1,(anonymous_0)
FNDA:2,(anonymous_1)
FNDA:1,(anonymous_2)
FNDA:2,(anonymous_3)
FNDA:2,(anonymous_4)
DA:1,2
DA:2,2
DA:3,2
DA:4,2
DA:6,2
DA:7,1
DA:8,1
DA:9,1
DA:11,0
DA:15,2
DA:16,2
DA:17,2
DA:18,2
DA:19,2
DA:20,2
DA:21,1
DA:23,1
DA:25,1
DA:29,2
DA:30,1
DA:31,1
DA:32,1
DA:37,1
DA:39,0
DA:43,2
DA:44,2
DA:45,2
DA:46,2
DA:47,2
DA:52,2
DA:53,1
DA:55,1
DA:57,1
DA:61,2
DA:62,2
DA:63,2
DA:64,2
DA:65,2
DA:66,1
DA:68,1
DA:70,1
DA:74,2
LF:42
LH:40
BRDA:20,0,0,1
BRDA:20,0,1,1
BRDA:52,1,0,1
BRDA:52,1,1,1
BRDA:65,2,0,1
BRDA:65,2,1,1
BRF:6
BRH:6
end_of_record
TN:
SF:routes/invoices.js
FN:6,(anonymous_0)
FN:15,(anonymous_1)
FN:28,(anonymous_2)
FN:42,(anonymous_3)
FN:56,(anonymous_4)
FNF:5
FNH:5
FNDA:1,(anonymous_0)
FNDA:2,(anonymous_1)
FNDA:1,(anonymous_2)
FNDA:2,(anonymous_3)
FNDA:2,(anonymous_4)
DA:1,2
DA:2,2
DA:3,2
DA:4,2
DA:6,2
DA:7,1
DA:8,1
DA:9,1
DA:11,0
DA:15,2
DA:16,2
DA:17,2
DA:18,2
DA:19,2
DA:20,1
DA:22,1
DA:24,1
DA:28,2
DA:29,1
DA:30,1
DA:31,1
DA:36,1
DA:38,0
DA:42,2
DA:43,2
DA:44,2
DA:45,2
DA:46,2
DA:47,2
DA:48,1
DA:50,1
DA:52,1
DA:56,2
DA:57,2
DA:58,2
DA:59,2
DA:60,2
DA:61,1
DA:63,1
DA:65,1
DA:69,2
LF:41
LH:39
BRDA:19,0,0,1
BRDA:19,0,1,1
BRDA:47,1,0,1
BRDA:47,1,1,1
BRDA:60,2,0,1
BRDA:60,2,1,1
BRF:6
BRH:6
end_of_record
